<?xml version="1.0" encoding="UTF-8"?>
<!-- Generated by org.testng.reporters.JUnitReportReporter -->
<testsuite hostname="DESKTOP-LJ83OEQ" failures="0" tests="1" name="Testcases.TC11_Verify_Subscription_in_Cart_Page" time="4.038" errors="0" timestamp="2024-02-22T00:09:58 GMT-06:00" skipped="0">
  <testcase classname="Testcases.TC11_Verify_Subscription_in_Cart_Page" name="VerifySubscription" time="4.038"/>
</testsuite> <!-- Testcases.TC11_Verify_Subscription_in_Cart_Page -->
