<?xml version="1.0" encoding="UTF-8"?>
<!-- Generated by org.testng.reporters.JUnitReportReporter -->
<testsuite hostname="DESKTOP-LJ83OEQ" failures="0" tests="1" name="Testcases.TC14_Place_Order_With_Registration" time="71.957" errors="0" timestamp="2024-02-22T00:09:58 GMT-06:00" skipped="0">
  <testcase classname="Testcases.TC14_Place_Order_With_Registration" name="PlaceOrderWithRegistration" time="71.957"/>
</testsuite> <!-- Testcases.TC14_Place_Order_With_Registration -->
