<?xml version="1.0" encoding="UTF-8"?>
<!-- Generated by org.testng.reporters.JUnitReportReporter -->
<testsuite hostname="DESKTOP-LJ83OEQ" failures="0" tests="1" name="Testcases.TC22_Add_to_cart_from_Recommended_Items" time="8.632" errors="0" timestamp="2024-02-22T00:09:58 GMT-06:00" skipped="0">
  <testcase classname="Testcases.TC22_Add_to_cart_from_Recommended_Items" name="ADDRecommendedItems" time="8.632"/>
</testsuite> <!-- Testcases.TC22_Add_to_cart_from_Recommended_Items -->
