<?xml version="1.0" encoding="UTF-8"?>
<!-- Generated by org.testng.reporters.JUnitReportReporter -->
<testsuite hostname="DESKTOP-LJ83OEQ" failures="0" tests="1" name="Testcases.TC02_LoginUserValidCredentials" time="9.500" errors="0" timestamp="2024-03-03T03:41:11 GMT-06:00" skipped="0">
  <testcase classname="Testcases.TC02_LoginUserValidCredentials" name="ValidUser" time="9.500"/>
</testsuite> <!-- Testcases.TC02_LoginUserValidCredentials -->
