<?xml version="1.0" encoding="UTF-8"?>
<!-- Generated by org.testng.reporters.JUnitReportReporter -->
<testsuite hostname="DESKTOP-LJ83OEQ" failures="0" tests="1" name="Testcases.TC26_Verify_Scroll_Up_Down_functionality_WithoutArrow" time="0.305" errors="0" timestamp="2024-02-22T00:09:58 GMT-06:00" skipped="0">
  <testcase classname="Testcases.TC26_Verify_Scroll_Up_Down_functionality_WithoutArrow" name="ScrollUpwithWithoutArrow" time="0.305"/>
</testsuite> <!-- Testcases.TC26_Verify_Scroll_Up_Down_functionality_WithoutArrow -->
