<?xml version="1.0" encoding="UTF-8"?>
<!-- Generated by org.testng.reporters.JUnitReportReporter -->
<testsuite hostname="DESKTOP-LJ83OEQ" failures="0" tests="1" name="Testcases.TC5_ExistingUser" time="4.690" errors="0" timestamp="2024-02-16T04:56:40 GMT-06:00" skipped="0">
  <testcase classname="Testcases.TC5_ExistingUser" name="ValidUser" time="4.690"/>
</testsuite> <!-- Testcases.TC5_ExistingUser -->
