<?xml version="1.0" encoding="UTF-8"?>
<!-- Generated by org.testng.reporters.JUnitReportReporter -->
<testsuite hostname="DESKTOP-LJ83OEQ" failures="0" tests="1" name="Testcases.TC09_Search_Product" time="15.922" errors="0" timestamp="2024-03-03T12:05:35 GMT-06:00" skipped="0">
  <testcase classname="Testcases.TC09_Search_Product" name="SearchProduct" time="15.922"/>
</testsuite> <!-- Testcases.TC09_Search_Product -->
