<?xml version="1.0" encoding="UTF-8"?>
<!-- Generated by org.testng.reporters.JUnitReportReporter -->
<testsuite hostname="DESKTOP-LJ83OEQ" failures="0" tests="1" name="Testcases.TC01_RegisterUser" time="35.315" errors="0" timestamp="2024-03-03T03:02:29 GMT-06:00" skipped="0">
  <testcase classname="Testcases.TC01_RegisterUser" name="RegisterUserS1" time="35.315"/>
</testsuite> <!-- Testcases.TC01_RegisterUser -->
