<?xml version="1.0" encoding="UTF-8"?>
<!-- Generated by org.testng.reporters.JUnitReportReporter -->
<testsuite hostname="DESKTOP-LJ83OEQ" failures="0" tests="1" name="Testcases.TC03_LoginUserInvalidCredentials" time="5.278" errors="0" timestamp="2024-03-03T03:41:51 GMT-06:00" skipped="0">
  <testcase classname="Testcases.TC03_LoginUserInvalidCredentials" name="InValidUser" time="5.278"/>
</testsuite> <!-- Testcases.TC03_LoginUserInvalidCredentials -->
