<?xml version="1.0" encoding="UTF-8"?>
<!-- Generated by org.testng.reporters.JUnitReportReporter -->
<testsuite hostname="DESKTOP-LJ83OEQ" failures="0" tests="1" name="Testcases.TC10_Verify_Subscription_in_home_page" time="1.668" errors="0" timestamp="2024-02-22T00:09:58 GMT-06:00" skipped="0">
  <testcase classname="Testcases.TC10_Verify_Subscription_in_home_page" name="Subscription" time="1.668"/>
</testsuite> <!-- Testcases.TC10_Verify_Subscription_in_home_page -->
