<?xml version="1.0" encoding="UTF-8"?>
<!-- Generated by org.testng.reporters.JUnitReportReporter -->
<testsuite hostname="DESKTOP-LJ83OEQ" failures="0" tests="1" name="Testcases.TC_LoginUserInvalidCredentials" time="4.353" errors="0" timestamp="2024-02-15T12:56:17 GMT-06:00" skipped="0">
  <testcase classname="Testcases.TC_LoginUserInvalidCredentials" name="InValidUser" time="4.353"/>
</testsuite> <!-- Testcases.TC_LoginUserInvalidCredentials -->
