<?xml version="1.0" encoding="UTF-8"?>
<!-- Generated by org.testng.reporters.JUnitReportReporter -->
<testsuite hostname="DESKTOP-LJ83OEQ" failures="0" tests="1" name="Testcases.TC4_LogoutUser" time="7.528" errors="0" timestamp="2024-02-15T23:55:40 GMT-06:00" skipped="0">
  <testcase classname="Testcases.TC4_LogoutUser" name="ValidUser" time="7.528"/>
</testsuite> <!-- Testcases.TC4_LogoutUser -->
