<?xml version="1.0" encoding="UTF-8"?>
<!-- Generated by org.testng.reporters.JUnitReportReporter -->
<testsuite hostname="DESKTOP-LJ83OEQ" failures="0" tests="1" name="Testcases.TC03_LoginUserInvalidCredentials" time="4.566" errors="0" timestamp="2024-02-22T00:09:58 GMT-06:00" skipped="0">
  <testcase classname="Testcases.TC03_LoginUserInvalidCredentials" name="InValidUser" time="4.566"/>
</testsuite> <!-- Testcases.TC03_LoginUserInvalidCredentials -->
