<?xml version="1.0" encoding="UTF-8"?>
<!-- Generated by org.testng.reporters.JUnitReportReporter -->
<testsuite hostname="DESKTOP-LJ83OEQ" failures="0" tests="1" name="Testcases.TC04_LogoutUser" time="0.001" errors="0" timestamp="2024-02-22T00:09:58 GMT-06:00" skipped="1">
  <testcase classname="Testcases.TC04_LogoutUser" name="Logoutuser" time="0.001">
    <skipped/>
  </testcase> <!-- Logoutuser -->
</testsuite> <!-- Testcases.TC04_LogoutUser -->
